<?xml version="1.0" encoding="utf-8"?><testsuites><testsuite name="pytest" errors="0" failures="0" skipped="0" tests="4" time="1.966" timestamp="2023-12-10T21:28:40.505036" hostname="ip-172-31-5-232.sa-east-1.compute.internal"><testcase classname="tests.api.test_api.TestBatchPipeline" name="test_should_failed_unknown_column_1" time="0.124" /><testcase classname="tests.api.test_api.TestBatchPipeline" name="test_should_failed_unknown_column_2" time="0.011" /><testcase classname="tests.api.test_api.TestBatchPipeline" name="test_should_failed_unknown_column_3" time="0.009" /><testcase classname="tests.api.test_api.TestBatchPipeline" name="test_should_get_predict" time="0.016" /></testsuite></testsuites>