<?xml version="1.0" encoding="utf-8"?><testsuites><testsuite name="pytest" errors="0" failures="0" skipped="0" tests="4" time="4.720" timestamp="2023-12-10T16:43:37.725481" hostname="LAPTOP-CJ77537K"><testcase classname="tests.api.test_api.TestBatchPipeline" name="test_should_failed_unknown_column_1" time="0.172" /><testcase classname="tests.api.test_api.TestBatchPipeline" name="test_should_failed_unknown_column_2" time="0.023" /><testcase classname="tests.api.test_api.TestBatchPipeline" name="test_should_failed_unknown_column_3" time="0.021" /><testcase classname="tests.api.test_api.TestBatchPipeline" name="test_should_get_predict" time="0.035" /></testsuite></testsuites>