<?xml version="1.0" encoding="utf-8"?><testsuites><testsuite name="pytest" errors="0" failures="0" skipped="0" tests="0" time="0.045" timestamp="2023-12-10T16:35:08.274685" hostname="LAPTOP-CJ77537K" /></testsuites>